<?xml version="1.0" encoding="UTF-8"?>
<testsuite xmlns:xsi="http://www.w3.org/2001/XMLSchema-instance" xsi:noNamespaceSchemaLocation="https://maven.apache.org/surefire/maven-surefire-plugin/xsd/surefire-test-report-3.0.xsd" version="3.0" name="com.microcraft.productservice.ProductServiceApplicationTests" time="5.356" tests="2" errors="0" skipped="0" failures="0">
  <properties>
[...]
</properties>
  <testcase name="shouldGetProduct" classname="com.microcraft.productservice.ProductServiceApplicationTests" time="0.913">
    <system-out><![CDATA[12:57:48.202 [main] INFO org.springframework.test.context.support.AnnotationConfigContextLoaderUtils -- Could not detect default configuration classes for test class [com.microcraft.productservice.ProductServiceApplicationTests]: ProductServiceApplicationTests does not declare any static, non-private, non-final, nested classes annotated with @Configuration.
12:57:48.302 [main] INFO org.springframework.boot.test.context.SpringBootTestContextBootstrapper -- Found @SpringBootConfiguration com.microcraft.productservice.ProductServiceApplication for test class com.microcraft.productservice.ProductServiceApplicationTests
12:57:48.423 [main] INFO org.testcontainers.images.PullPolicy -- Image pull policy will be performed by: DefaultPullPolicy()
12:57:48.425 [main] INFO org.testcontainers.utility.ImageNameSubstitutor -- Image name substitution will be performed by: DefaultImageNameSubstitutor (composite of 'ConfigurationFileImageNameSubstitutor' and 'PrefixingImageNameSubstitutor')
12:57:48.668 [main] INFO org.testcontainers.dockerclient.DockerClientProviderStrategy -- Loaded org.testcontainers.dockerclient.UnixSocketClientProviderStrategy from ~/.testcontainers.properties, will try it first
12:57:48.894 [main] INFO org.testcontainers.dockerclient.DockerClientProviderStrategy -- Found Docker environment with Docker accessed via Unix socket (/Users/kamlesh/.docker/run/docker.sock)
12:57:48.896 [main] INFO org.testcontainers.DockerClientFactory -- Docker host IP address is localhost
12:57:48.914 [main] INFO org.testcontainers.DockerClientFactory -- Connected to docker: 
  Server Version: 24.0.7
  API Version: 1.43
  Operating System: Docker Desktop
  Total Memory: 7949 MB
12:57:48.935 [main] INFO tc.testcontainers/ryuk:0.5.1 -- Creating container for image: testcontainers/ryuk:0.5.1
12:57:49.091 [main] INFO tc.testcontainers/ryuk:0.5.1 -- Container testcontainers/ryuk:0.5.1 is starting: 0ba032ca81e09a47a275c54a7cd799ee0dc60f181cab45724e3b39eefc798100
12:57:49.435 [main] INFO tc.testcontainers/ryuk:0.5.1 -- Container testcontainers/ryuk:0.5.1 started in PT0.499267S
12:57:49.442 [main] INFO org.testcontainers.utility.RyukResourceReaper -- Ryuk started - will monitor and terminate Testcontainers containers on JVM exit
12:57:49.442 [main] INFO org.testcontainers.DockerClientFactory -- Checking the system...
12:57:49.442 [main] INFO org.testcontainers.DockerClientFactory -- ✔︎ Docker server version should be at least 1.6.0
12:57:49.443 [main] INFO tc.mongo:4.4.2 -- Creating container for image: mongo:4.4.2
12:57:49.474 [main] INFO tc.mongo:4.4.2 -- Container mongo:4.4.2 is starting: 127c4bb1191d59a6eb4bbe9fd8e0da2a982295756ed403567c8d3d28eb481c31
12:57:50.254 [main] INFO tc.mongo:4.4.2 -- Container mongo:4.4.2 started in PT0.811644S

  .   ____          _            __ _ _
 /\\ / ___'_ __ _ _(_)_ __  __ _ \ \ \ \
( ( )\___ | '_ | '_| | '_ \/ _` | \ \ \ \
 \\/  ___)| |_)| | | | | || (_| |  ) ) ) )
  '  |____| .__|_| |_|_| |_\__, | / / / /
 =========|_|==============|___/=/_/_/_/
 :: Spring Boot ::                (v3.2.0)

2023-12-25T12:57:50.793+08:00  INFO 21015 --- [           main] c.m.p.ProductServiceApplicationTests     : Starting ProductServiceApplicationTests using Java 17.0.6 with PID 21015 (started by kamlesh in /Users/kamlesh/Development/GitHubProjects/MicroCraft-Market/microcraft-parent/product-service)
2023-12-25T12:57:50.794+08:00  INFO 21015 --- [           main] c.m.p.ProductServiceApplicationTests     : No active profile set, falling back to 1 default profile: "default"
2023-12-25T12:57:51.233+08:00  INFO 21015 --- [           main] .s.d.r.c.RepositoryConfigurationDelegate : Bootstrapping Spring Data MongoDB repositories in DEFAULT mode.
2023-12-25T12:57:51.275+08:00  INFO 21015 --- [           main] .s.d.r.c.RepositoryConfigurationDelegate : Finished Spring Data repository scanning in 38 ms. Found 1 MongoDB repository interface.
2023-12-25T12:57:51.625+08:00  INFO 21015 --- [           main] org.mongodb.driver.client                : MongoClient with metadata {"driver": {"name": "mongo-java-driver|sync|spring-boot", "version": "4.11.1"}, "os": {"type": "Darwin", "name": "Mac OS X", "architecture": "x86_64", "version": "13.1"}, "platform": "Java/Eclipse Adoptium/17.0.6+10"} created with settings MongoClientSettings{readPreference=primary, writeConcern=WriteConcern{w=null, wTimeout=null ms, journal=null}, retryWrites=true, retryReads=true, readConcern=ReadConcern{level=null}, credential=null, transportSettings=null, streamFactoryFactory=null, commandListeners=[], codecRegistry=ProvidersCodecRegistry{codecProviders=[ValueCodecProvider{}, BsonValueCodecProvider{}, DBRefCodecProvider{}, DBObjectCodecProvider{}, DocumentCodecProvider{}, CollectionCodecProvider{}, IterableCodecProvider{}, MapCodecProvider{}, GeoJsonCodecProvider{}, GridFSFileCodecProvider{}, Jsr310CodecProvider{}, JsonObjectCodecProvider{}, BsonCodecProvider{}, EnumCodecProvider{}, com.mongodb.client.model.mql.ExpressionCodecProvider@1ccc1026, com.mongodb.Jep395RecordCodecProvider@4044589a, com.mongodb.KotlinCodecProvider@7de35070]}, loggerSettings=LoggerSettings{maxDocumentLength=1000}, clusterSettings={hosts=[localhost:57013], srvServiceName=mongodb, mode=SINGLE, requiredClusterType=UNKNOWN, requiredReplicaSetName='null', serverSelector='null', clusterListeners='[]', serverSelectionTimeout='30000 ms', localThreshold='15 ms'}, socketSettings=SocketSettings{connectTimeoutMS=10000, readTimeoutMS=0, receiveBufferSize=0, proxySettings=ProxySettings{host=null, port=null, username=null, password=null}}, heartbeatSocketSettings=SocketSettings{connectTimeoutMS=10000, readTimeoutMS=10000, receiveBufferSize=0, proxySettings=ProxySettings{host=null, port=null, username=null, password=null}}, connectionPoolSettings=ConnectionPoolSettings{maxSize=100, minSize=0, maxWaitTimeMS=120000, maxConnectionLifeTimeMS=0, maxConnectionIdleTimeMS=0, maintenanceInitialDelayMS=0, maintenanceFrequencyMS=60000, connectionPoolListeners=[], maxConnecting=2}, serverSettings=ServerSettings{heartbeatFrequencyMS=10000, minHeartbeatFrequencyMS=500, serverListeners='[]', serverMonitorListeners='[]'}, sslSettings=SslSettings{enabled=false, invalidHostNameAllowed=false, context=null}, applicationName='null', compressorList=[], uuidRepresentation=JAVA_LEGACY, serverApi=null, autoEncryptionSettings=null, dnsClient=null, inetAddressResolver=null, contextProvider=null}
2023-12-25T12:57:51.639+08:00  INFO 21015 --- [localhost:57013] org.mongodb.driver.cluster               : Monitor thread successfully connected to server with description ServerDescription{address=localhost:57013, type=REPLICA_SET_PRIMARY, state=CONNECTED, ok=true, minWireVersion=0, maxWireVersion=9, maxDocumentSize=16777216, logicalSessionTimeoutMinutes=30, roundTripTimeNanos=18170775, setName='docker-rs', canonicalAddress=127c4bb1191d:27017, hosts=[127c4bb1191d:27017], passives=[], arbiters=[], primary='127c4bb1191d:27017', tagSet=TagSet{[]}, electionId=7fffffff0000000000000001, setVersion=1, topologyVersion=TopologyVersion{processId=65890bcdab77a3ecff6ad2e2, counter=6}, lastWriteDate=Mon Dec 25 12:57:50 MYT 2023, lastUpdateTimeNanos=143508618404830}
2023-12-25T12:57:52.220+08:00  INFO 21015 --- [           main] o.s.b.t.m.w.SpringBootMockServletContext : Initializing Spring TestDispatcherServlet ''
2023-12-25T12:57:52.220+08:00  INFO 21015 --- [           main] o.s.t.web.servlet.TestDispatcherServlet  : Initializing Servlet ''
2023-12-25T12:57:52.222+08:00  INFO 21015 --- [           main] o.s.t.web.servlet.TestDispatcherServlet  : Completed initialization in 1 ms
2023-12-25T12:57:52.240+08:00  INFO 21015 --- [           main] c.m.p.ProductServiceApplicationTests     : Started ProductServiceApplicationTests in 1.612 seconds (process running for 4.674)
2023-12-25T12:57:53.093+08:00  INFO 21015 --- [           main] c.m.p.service.ProductService             : Product 65890bd14db010551da8452a is saved
]]></system-out>
  </testcase>
  <testcase name="shouldCreateProduct" classname="com.microcraft.productservice.ProductServiceApplicationTests" time="0.017">
    <system-out><![CDATA[2023-12-25T12:57:53.179+08:00  INFO 21015 --- [           main] c.m.p.service.ProductService             : Product 65890bd14db010551da8452b is saved
]]></system-out>
  </testcase>
</testsuite>